This is pdfTeX, Version 3.1415926-2.5-1.40.14 (TeX Live 2013/Debian) (format=pdflatex 2014.9.7)  20 NOV 2014 22:16
entering extended mode
 restricted \write18 enabled.
 %&-line parsing enabled.
**informeExacto.tex
(./informeExacto.tex
LaTeX2e <2011/06/27>
Babel <3.9h> and hyphenation patterns for 78 languages loaded.
(/usr/share/texlive/texmf-dist/tex/latex/base/article.cls
Document Class: article 2007/10/19 v1.4h Standard LaTeX document class
(/usr/share/texlive/texmf-dist/tex/latex/base/size10.clo
File: size10.clo 2007/10/19 v1.4h Standard LaTeX file (size option)
)
\c@part=\count79
\c@section=\count80
\c@subsection=\count81
\c@subsubsection=\count82
\c@paragraph=\count83
\c@subparagraph=\count84
\c@figure=\count85
\c@table=\count86
\abovecaptionskip=\skip41
\belowcaptionskip=\skip42
\bibindent=\dimen102
)
(/usr/share/texlive/texmf-dist/tex/latex/subfig/subfig.sty
Package: subfig 2005/06/28 ver: 1.3 subfig package

(/usr/share/texlive/texmf-dist/tex/latex/graphics/keyval.sty
Package: keyval 1999/03/16 v1.13 key=value parser (DPC)
\KV@toks@=\toks14
)
(/usr/share/texlive/texmf-dist/tex/latex/caption/caption.sty
Package: caption 2013/05/02 v3.3-89 Customizing captions (AR)

(/usr/share/texlive/texmf-dist/tex/latex/caption/caption3.sty
Package: caption3 2013/05/02 v1.6-88 caption3 kernel (AR)
Package caption3 Info: TeX engine: e-TeX on input line 57.
\captionmargin=\dimen103
\captionmargin@=\dimen104
\captionwidth=\dimen105
\caption@tempdima=\dimen106
\caption@indent=\dimen107
\caption@parindent=\dimen108
\caption@hangindent=\dimen109
)
\c@ContinuedFloat=\count87
)
\c@KVtest=\count88
\sf@farskip=\skip43
\sf@captopadj=\dimen110
\sf@capskip=\skip44
\sf@nearskip=\skip45
\c@subfigure=\count89
\c@subfigure@save=\count90
\c@lofdepth=\count91
\c@subtable=\count92
\c@subtable@save=\count93
\c@lotdepth=\count94
\sf@top=\skip46
\sf@bottom=\skip47
)
(/usr/share/texlive/texmf-dist/tex/latex/algorithmicx/algorithmicx.sty
Package: algorithmicx 2005/04/27 v1.2 Algorithmicx

(/usr/share/texlive/texmf-dist/tex/latex/base/ifthen.sty
Package: ifthen 2001/05/26 v1.1c Standard LaTeX ifthen package (DPC)
)
Document Style algorithmicx 1.2 - a greatly improved `algorithmic' style
\c@ALG@line=\count95
\c@ALG@rem=\count96
\c@ALG@nested=\count97
\ALG@tlm=\skip48
\ALG@thistlm=\skip49
\c@ALG@Lnr=\count98
\c@ALG@blocknr=\count99
\c@ALG@storecount=\count100
\c@ALG@tmpcounter=\count101
\ALG@tmplength=\skip50
) (/usr/share/texlive/texmf-dist/tex/latex/algorithmicx/algpseudocode.sty
Package: algpseudocode 

Document Style - pseudocode environments for use with the `algorithmicx' style
) (/usr/share/texlive/texmf-dist/tex/latex/graphics/graphicx.sty
Package: graphicx 1999/02/16 v1.0f Enhanced LaTeX Graphics (DPC,SPQR)

(/usr/share/texlive/texmf-dist/tex/latex/graphics/graphics.sty
Package: graphics 2009/02/05 v1.0o Standard LaTeX Graphics (DPC,SPQR)

(/usr/share/texlive/texmf-dist/tex/latex/graphics/trig.sty
Package: trig 1999/03/16 v1.09 sin cos tan (DPC)
)
(/usr/share/texlive/texmf-dist/tex/latex/latexconfig/graphics.cfg
File: graphics.cfg 2010/04/23 v1.9 graphics configuration of TeX Live
)
Package graphics Info: Driver file: pdftex.def on input line 91.

(/usr/share/texlive/texmf-dist/tex/latex/pdftex-def/pdftex.def
File: pdftex.def 2011/05/27 v0.06d Graphics/color for pdfTeX

(/usr/share/texlive/texmf-dist/tex/generic/oberdiek/infwarerr.sty
Package: infwarerr 2010/04/08 v1.3 Providing info/warning/error messages (HO)
)
(/usr/share/texlive/texmf-dist/tex/generic/oberdiek/ltxcmds.sty
Package: ltxcmds 2011/11/09 v1.22 LaTeX kernel commands for general use (HO)
)
\Gread@gobject=\count102
))
\Gin@req@height=\dimen111
\Gin@req@width=\dimen112
)
(/usr/share/texlive/texmf-dist/tex/latex/vmargin/vmargin.sty
Package: vmargin 2004/07/15 V2.5 set document margins (VK)

Package: vmargin 2004/07/15 V2.5 set document margins (VK)
\PaperWidth=\dimen113
\PaperHeight=\dimen114
) (/usr/share/texlive/texmf-dist/tex/latex/mdwtools/mdwlist.sty
Package: mdwlist 1996/05/02 1.1 Various list-related things
)
(./informeExacto.aux)
\openout1 = `informeExacto.aux'.

LaTeX Font Info:    Checking defaults for OML/cmm/m/it on input line 17.
LaTeX Font Info:    ... okay on input line 17.
LaTeX Font Info:    Checking defaults for T1/cmr/m/n on input line 17.
LaTeX Font Info:    ... okay on input line 17.
LaTeX Font Info:    Checking defaults for OT1/cmr/m/n on input line 17.
LaTeX Font Info:    ... okay on input line 17.
LaTeX Font Info:    Checking defaults for OMS/cmsy/m/n on input line 17.
LaTeX Font Info:    ... okay on input line 17.
LaTeX Font Info:    Checking defaults for OMX/cmex/m/n on input line 17.
LaTeX Font Info:    ... okay on input line 17.
LaTeX Font Info:    Checking defaults for U/cmr/m/n on input line 17.
LaTeX Font Info:    ... okay on input line 17.
Package caption Info: Begin \AtBeginDocument code.
Package caption Info: subfig package v1.3 is loaded.
Package caption Info: End \AtBeginDocument code.

(/usr/share/texlive/texmf-dist/tex/context/base/supp-pdf.mkii
[Loading MPS to PDF converter (version 2006.09.02).]
\scratchcounter=\count103
\scratchdimen=\dimen115
\scratchbox=\box26
\nofMPsegments=\count104
\nofMParguments=\count105
\everyMPshowfont=\toks15
\MPscratchCnt=\count106
\MPscratchDim=\dimen116
\MPnumerator=\count107
\makeMPintoPDFobject=\count108
\everyMPtoPDFconversion=\toks16
) (/usr/share/texlive/texmf-dist/tex/generic/oberdiek/pdftexcmds.sty
Package: pdftexcmds 2011/11/29 v0.20 Utility functions of pdfTeX for LuaTeX (HO
)

(/usr/share/texlive/texmf-dist/tex/generic/oberdiek/ifluatex.sty
Package: ifluatex 2010/03/01 v1.3 Provides the ifluatex switch (HO)
Package ifluatex Info: LuaTeX not detected.
)
(/usr/share/texlive/texmf-dist/tex/generic/oberdiek/ifpdf.sty
Package: ifpdf 2011/01/30 v2.3 Provides the ifpdf switch (HO)
Package ifpdf Info: pdfTeX in PDF mode is detected.
)
Package pdftexcmds Info: LuaTeX not detected.
Package pdftexcmds Info: \pdf@primitive is available.
Package pdftexcmds Info: \pdf@ifprimitive is available.
Package pdftexcmds Info: \pdfdraftmode found.
)
(/usr/share/texlive/texmf-dist/tex/latex/oberdiek/epstopdf-base.sty
Package: epstopdf-base 2010/02/09 v2.5 Base part for package epstopdf

(/usr/share/texlive/texmf-dist/tex/latex/oberdiek/grfext.sty
Package: grfext 2010/08/19 v1.1 Manage graphics extensions (HO)

(/usr/share/texlive/texmf-dist/tex/generic/oberdiek/kvdefinekeys.sty
Package: kvdefinekeys 2011/04/07 v1.3 Define keys (HO)
))
(/usr/share/texlive/texmf-dist/tex/latex/oberdiek/kvoptions.sty
Package: kvoptions 2011/06/30 v3.11 Key value format for package options (HO)

(/usr/share/texlive/texmf-dist/tex/generic/oberdiek/kvsetkeys.sty
Package: kvsetkeys 2012/04/25 v1.16 Key value parser (HO)

(/usr/share/texlive/texmf-dist/tex/generic/oberdiek/etexcmds.sty
Package: etexcmds 2011/02/16 v1.5 Avoid name clashes with e-TeX commands (HO)
Package etexcmds Info: Could not find \expanded.
(etexcmds)             That can mean that you are not using pdfTeX 1.50 or
(etexcmds)             that some package has redefined \expanded.
(etexcmds)             In the latter case, load this package earlier.
)))
Package grfext Info: Graphics extension search list:
(grfext)             [.png,.pdf,.jpg,.mps,.jpeg,.jbig2,.jb2,.PNG,.PDF,.JPG,.JPE
G,.JBIG2,.JB2,.eps]
(grfext)             \AppendGraphicsExtensions on input line 452.

(/usr/share/texlive/texmf-dist/tex/latex/latexconfig/epstopdf-sys.cfg
File: epstopdf-sys.cfg 2010/07/13 v1.3 Configuration of (r)epstopdf for TeX Liv
e
))
LaTeX Font Info:    External font `cmex10' loaded for size
(Font)              <7> on input line 19.
LaTeX Font Info:    External font `cmex10' loaded for size
(Font)              <5> on input line 19.

[1

{/var/lib/texmf/fonts/map/pdftex/updmap/pdftex.map}]
Overfull \hbox (17.26704pt too wide) in paragraph at lines 47--48
[]\OT1/cmr/bx/n/10 pro-ce-dure \OT1/cmr/m/sc/10 ubicar[]siguientes[]vertices\OT
1/cmr/m/n/10 ($\OML/cmm/m/it/10 ::; conjuntos[]disponibles; vertice[]actual; so
lucion; k[]particion::$\OT1/cmr/m/n/10 ) 
 []


Overfull \hbox (28.64908pt too wide) in paragraph at lines 58--59
[] $\OML/cmm/m/it/10 ubicar[]siguientes[]vertices$ $\OT1/cmr/m/n/10 (\OML/cmm/m
/it/10 ::::conjuntos[]disponibles; vertice[]actual[]; solucion; k[]particion:::
:\OT1/cmr/m/n/10 )$ 
 []

Missing character: There is no ñ in font cmr10!

Underfull \hbox (badness 10000) in paragraph at lines 74--89

 []


Overfull \hbox (20.12416pt too wide) in paragraph at lines 74--89
\OT1/cmr/m/n/10 En caso de no serlo se re-al-iza una nueva lla-mada re-cur-siva
 de la funci^^Son pero ahora para ubicar al $\OML/cmm/m/it/10 vertice[]actual[]
$\OT1/cmr/m/n/10 .
 []

[2]
Missing character: There is no ñ in font cmr10!
 [3] <bik5.jpg, id=26, 833.1125pt x 495.8525pt>
File: bik5.jpg Graphic file (type jpg)
 <use bik5.jpg>
Package pdftex.def Info: bik5.jpg used on input line 108.
(pdftex.def)             Requested size: 364.26971pt x 216.8063pt.

<kik5se.jpg, id=27, 726.715pt x 467.7475pt>
File: kik5se.jpg Graphic file (type jpg)
 <use kik5se.jpg>
Package pdftex.def Info: kik5se.jpg used on input line 111.
(pdftex.def)             Requested size: 336.85445pt x 216.81516pt.

<bik10.jpg, id=28, 784.9325pt x 476.78125pt>
File: bik10.jpg Graphic file (type jpg)
 <use bik10.jpg>
Package pdftex.def Info: bik10.jpg used on input line 115.
(pdftex.def)             Requested size: 356.94122pt x 216.81212pt.

<bik10seg.jpg, id=29, 688.5725pt x 458.71375pt>
File: bik10seg.jpg Graphic file (type jpg)
 <use bik10seg.jpg>
Package pdftex.def Info: bik10seg.jpg used on input line 118.
(pdftex.def)             Requested size: 325.45729pt x 216.81339pt.

<bikvar.jpg, id=30, 725.71124pt x 506.89375pt>
File: bikvar.jpg Graphic file (type jpg)
 <use bikvar.jpg>
Package pdftex.def Info: bikvar.jpg used on input line 122.
(pdftex.def)             Requested size: 310.39981pt x 216.80762pt.

<complek5.jpg, id=31, 757.83125pt x 487.8225pt>
File: complek5.jpg Graphic file (type jpg)
 <use complek5.jpg>
Package pdftex.def Info: complek5.jpg used on input line 126.
(pdftex.def)             Requested size: 336.81178pt x 216.80864pt.

<comprk5seg.jpg, id=32, 607.26875pt x 341.275pt>
File: comprk5seg.jpg Graphic file (type jpg)
 <use comprk5seg.jpg>
Package pdftex.def Info: comprk5seg.jpg used on input line 129.
(pdftex.def)             Requested size: 385.79669pt x 216.81136pt.

<comk10.jpg, id=33, 606.265pt x 342.27875pt>
File: comk10.jpg Graphic file (type jpg)
 <use comk10.jpg>
Package pdftex.def Info: comk10.jpg used on input line 133.
(pdftex.def)             Requested size: 384.03966pt x 216.81708pt.

<comk10seg.jpg, id=34, 606.265pt x 342.27875pt>
File: comk10seg.jpg Graphic file (type jpg)
 <use comk10seg.jpg>
Package pdftex.def Info: comk10seg.jpg used on input line 136.
(pdftex.def)             Requested size: 384.03966pt x 216.81708pt.

<bien.jpg, id=35, 738.76pt x 367.3725pt>
File: bien.jpg Graphic file (type jpg)
 <use bien.jpg>
Package pdftex.def Info: bien.jpg used on input line 139.
(pdftex.def)             Requested size: 369.37909pt x 183.68579pt.

<comkvarseg.jpg, id=36, 607.26875pt x 340.27126pt>
File: comkvarseg.jpg Graphic file (type jpg)
 <use comkvarseg.jpg>
Package pdftex.def Info: comkvarseg.jpg used on input line 142.
(pdftex.def)             Requested size: 386.93643pt x 216.81232pt.

Underfull \hbox (badness 10000) in paragraph at lines 108--145

 []


Underfull \hbox (badness 10000) in paragraph at lines 108--145

 []

[4 <./bik5.jpg> <./kik5se.jpg>] [5 <./bik10.jpg> <./bik10seg.jpg>] [6 <./bikvar
.jpg> <./complek5.jpg>] [7 <./comprk5seg.jpg> <./comk10.jpg>] [8 <./comk10seg.j
pg> <./bien.jpg>] <comple.jpg, id=53, 607.26875pt x 341.275pt>
File: comple.jpg Graphic file (type jpg)

<use comple.jpg>
Package pdftex.def Info: comple.jpg used on input line 147.
(pdftex.def)             Requested size: 385.79669pt x 216.81136pt.
 [9 <./comkvarseg.jpg> <./comple.jpg>] (./informeExacto.aux) ) 
Here is how much of TeX's memory you used:
 3374 strings out of 493304
 52328 string characters out of 6139872
 116467 words of memory out of 5000000
 6808 multiletter control sequences out of 15000+600000
 5499 words of font info for 20 fonts, out of 8000000 for 9000
 957 hyphenation exceptions out of 8191
 44i,5n,42p,1383b,186s stack positions out of 5000i,500n,10000p,200000b,80000s
</usr/share/texli
ve/texmf-dist/fonts/type1/public/amsfonts/cm/cmbx10.pfb></usr/share/texlive/tex
mf-dist/fonts/type1/public/amsfonts/cm/cmbx12.pfb></usr/share/texlive/texmf-dis
t/fonts/type1/public/amsfonts/cm/cmcsc10.pfb></usr/share/texlive/texmf-dist/fon
ts/type1/public/amsfonts/cm/cmex10.pfb></usr/share/texlive/texmf-dist/fonts/typ
e1/public/amsfonts/cm/cmmi10.pfb></usr/share/texlive/texmf-dist/fonts/type1/pub
lic/amsfonts/cm/cmmi5.pfb></usr/share/texlive/texmf-dist/fonts/type1/public/ams
fonts/cm/cmmi7.pfb></usr/share/texlive/texmf-dist/fonts/type1/public/amsfonts/c
m/cmr10.pfb></usr/share/texlive/texmf-dist/fonts/type1/public/amsfonts/cm/cmr5.
pfb></usr/share/texlive/texmf-dist/fonts/type1/public/amsfonts/cm/cmr7.pfb></us
r/share/texlive/texmf-dist/fonts/type1/public/amsfonts/cm/cmr8.pfb></usr/share/
texlive/texmf-dist/fonts/type1/public/amsfonts/cm/cmsy10.pfb></usr/share/texliv
e/texmf-dist/fonts/type1/public/amsfonts/cm/cmsy5.pfb></usr/share/texlive/texmf
-dist/fonts/type1/public/amsfonts/cm/cmti10.pfb>
Output written on informeExacto.pdf (9 pages, 456078 bytes).
PDF statistics:
 102 PDF objects out of 1000 (max. 8388607)
 64 compressed objects within 1 object stream
 0 named destinations out of 1000 (max. 500000)
 61 words of extra memory for PDF output out of 10000 (max. 10000000)

